<?xml version="1.0" encoding="UTF-8"?>
<testng-results skipped="0" failed="1" ignored="0" total="2" passed="1">
  <reporter-output>
  </reporter-output>
  <suite name="Suite" duration-ms="45148" started-at="2022-01-02T18:01:31 IST" finished-at="2022-01-02T18:02:16 IST">
    <groups>
    </groups>
    <test name="Test" duration-ms="45148" started-at="2022-01-02T18:01:31 IST" finished-at="2022-01-02T18:02:16 IST">
      <class name="week5.day1.CreateLead">
        <test-method status="PASS" signature="beforeMethod()[pri:0, instance:week5.day1.CreateLead@22eeefeb]" name="beforeMethod" is-config="true" duration-ms="20865" started-at="2022-01-02T18:01:31 IST" finished-at="2022-01-02T18:01:52 IST">
          <reporter-output>
          </reporter-output>
        </test-method> <!-- beforeMethod -->
        <test-method status="FAIL" signature="createLead()[pri:0, instance:week5.day1.CreateLead@22eeefeb]" name="createLead" duration-ms="23292" started-at="2022-01-02T18:01:52 IST" finished-at="2022-01-02T18:02:15 IST">
          <exception class="org.openqa.selenium.NoSuchElementException">
            <message>
              <![CDATA[no such element: Unable to locate element: {"method":"css selector","selector":"#createLeadForm_generalPostalCodeExts"}
  (Session info: MicrosoftEdge=96.0.1054.62)
For documentation on this error, please visit: https://selenium.dev/exceptions/#no_such_element
Build info: version: '4.0.0', revision: '3a21814679'
System info: host: 'LAPTOP-BL99EMON', ip: '192.168.56.1', os.name: 'Windows 10', os.arch: 'amd64', os.version: '10.0', java.version: '1.8.0_271'
Driver info: org.openqa.selenium.edge.EdgeDriver
Command: [f9393243bdc060e3c41f3cb966908416, findElement {using=id, value=createLeadForm_generalPostalCodeExts}]
Capabilities {acceptInsecureCerts: false, browserName: msedge, browserVersion: 96.0.1054.62, javascriptEnabled: true, ms:edgeOptions: {debuggerAddress: localhost:54313}, msedge: {msedgedriverVersion: 96.0.1054.62 (f97cb2ce0103f..., userDataDir: C:\Users\garla\AppData\Loca...}, networkConnectionEnabled: false, pageLoadStrategy: normal, platform: WINDOWS, platformName: WINDOWS, proxy: Proxy(), se:cdp: ws://localhost:54313/devtoo..., se:cdpVersion: 96.0.1054.62, setWindowRect: true, strictFileInteractability: false, timeouts: {implicit: 0, pageLoad: 300000, script: 30000}, unhandledPromptBehavior: dismiss and notify, webauthn:extension:credBlob: true, webauthn:extension:largeBlob: true, webauthn:virtualAuthenticators: true}
Session ID: f9393243bdc060e3c41f3cb966908416]]>
            </message>
            <full-stacktrace>
              <![CDATA[org.openqa.selenium.NoSuchElementException: no such element: Unable to locate element: {"method":"css selector","selector":"#createLeadForm_generalPostalCodeExts"}
  (Session info: MicrosoftEdge=96.0.1054.62)
For documentation on this error, please visit: https://selenium.dev/exceptions/#no_such_element
Build info: version: '4.0.0', revision: '3a21814679'
System info: host: 'LAPTOP-BL99EMON', ip: '192.168.56.1', os.name: 'Windows 10', os.arch: 'amd64', os.version: '10.0', java.version: '1.8.0_271'
Driver info: org.openqa.selenium.edge.EdgeDriver
Command: [f9393243bdc060e3c41f3cb966908416, findElement {using=id, value=createLeadForm_generalPostalCodeExts}]
Capabilities {acceptInsecureCerts: false, browserName: msedge, browserVersion: 96.0.1054.62, javascriptEnabled: true, ms:edgeOptions: {debuggerAddress: localhost:54313}, msedge: {msedgedriverVersion: 96.0.1054.62 (f97cb2ce0103f..., userDataDir: C:\Users\garla\AppData\Loca...}, networkConnectionEnabled: false, pageLoadStrategy: normal, platform: WINDOWS, platformName: WINDOWS, proxy: Proxy(), se:cdp: ws://localhost:54313/devtoo..., se:cdpVersion: 96.0.1054.62, setWindowRect: true, strictFileInteractability: false, timeouts: {implicit: 0, pageLoad: 300000, script: 30000}, unhandledPromptBehavior: dismiss and notify, webauthn:extension:credBlob: true, webauthn:extension:largeBlob: true, webauthn:virtualAuthenticators: true}
Session ID: f9393243bdc060e3c41f3cb966908416
at sun.reflect.NativeConstructorAccessorImpl.newInstance0(Native Method)
at sun.reflect.NativeConstructorAccessorImpl.newInstance(NativeConstructorAccessorImpl.java:62)
at sun.reflect.DelegatingConstructorAccessorImpl.newInstance(DelegatingConstructorAccessorImpl.java:45)
at java.lang.reflect.Constructor.newInstance(Constructor.java:423)
at org.openqa.selenium.remote.codec.w3c.W3CHttpResponseCodec.createException(W3CHttpResponseCodec.java:200)
at org.openqa.selenium.remote.codec.w3c.W3CHttpResponseCodec.decode(W3CHttpResponseCodec.java:133)
at org.openqa.selenium.remote.codec.w3c.W3CHttpResponseCodec.decode(W3CHttpResponseCodec.java:53)
at org.openqa.selenium.remote.HttpCommandExecutor.execute(HttpCommandExecutor.java:184)
at org.openqa.selenium.remote.service.DriverCommandExecutor.invokeExecute(DriverCommandExecutor.java:164)
at org.openqa.selenium.remote.service.DriverCommandExecutor.execute(DriverCommandExecutor.java:139)
at org.openqa.selenium.remote.RemoteWebDriver.execute(RemoteWebDriver.java:559)
at org.openqa.selenium.remote.ElementLocation$ElementFinder$2.findElement(ElementLocation.java:162)
at org.openqa.selenium.remote.ElementLocation.findElement(ElementLocation.java:60)
at org.openqa.selenium.remote.RemoteWebDriver.findElement(RemoteWebDriver.java:383)
at org.openqa.selenium.remote.RemoteWebDriver.findElement(RemoteWebDriver.java:375)
at week5.day1.CreateLead.createLead(CreateLead.java:189)
at sun.reflect.NativeMethodAccessorImpl.invoke0(Native Method)
at sun.reflect.NativeMethodAccessorImpl.invoke(NativeMethodAccessorImpl.java:62)
at sun.reflect.DelegatingMethodAccessorImpl.invoke(DelegatingMethodAccessorImpl.java:43)
at java.lang.reflect.Method.invoke(Method.java:498)
at org.testng.internal.MethodInvocationHelper.invokeMethod(MethodInvocationHelper.java:133)
at org.testng.internal.TestInvoker.invokeMethod(TestInvoker.java:598)
at org.testng.internal.TestInvoker.invokeTestMethod(TestInvoker.java:173)
at org.testng.internal.MethodRunner.runInSequence(MethodRunner.java:46)
at org.testng.internal.TestInvoker$MethodInvocationAgent.invoke(TestInvoker.java:824)
at org.testng.internal.TestInvoker.invokeTestMethods(TestInvoker.java:146)
at org.testng.internal.TestMethodWorker.invokeTestMethods(TestMethodWorker.java:146)
at org.testng.internal.TestMethodWorker.run(TestMethodWorker.java:128)
at java.util.concurrent.ThreadPoolExecutor.runWorker(ThreadPoolExecutor.java:1149)
at java.util.concurrent.ThreadPoolExecutor$Worker.run(ThreadPoolExecutor.java:624)
at java.lang.Thread.run(Thread.java:748)
]]>
            </full-stacktrace>
          </exception> <!-- org.openqa.selenium.NoSuchElementException -->
          <reporter-output>
          </reporter-output>
        </test-method> <!-- createLead -->
        <test-method status="PASS" signature="afterMethod()[pri:0, instance:week5.day1.CreateLead@22eeefeb]" name="afterMethod" is-config="true" duration-ms="834" started-at="2022-01-02T18:02:15 IST" finished-at="2022-01-02T18:02:16 IST">
          <reporter-output>
          </reporter-output>
        </test-method> <!-- afterMethod -->
      </class> <!-- week5.day1.CreateLead -->
      <class name="week5.day1.FindContact">
        <test-method status="PASS" signature="beforeMethod()[pri:0, instance:week5.day1.FindContact@df27fae]" name="beforeMethod" is-config="true" duration-ms="20823" started-at="2022-01-02T18:01:31 IST" finished-at="2022-01-02T18:01:52 IST">
          <reporter-output>
          </reporter-output>
        </test-method> <!-- beforeMethod -->
        <test-method status="PASS" signature="findContact()[pri:0, instance:week5.day1.FindContact@df27fae]" name="findContact" duration-ms="19885" started-at="2022-01-02T18:01:52 IST" finished-at="2022-01-02T18:02:12 IST">
          <reporter-output>
          </reporter-output>
        </test-method> <!-- findContact -->
        <test-method status="PASS" signature="afterMethod()[pri:0, instance:week5.day1.FindContact@df27fae]" name="afterMethod" is-config="true" duration-ms="8" started-at="2022-01-02T18:02:12 IST" finished-at="2022-01-02T18:02:12 IST">
          <reporter-output>
          </reporter-output>
        </test-method> <!-- afterMethod -->
      </class> <!-- week5.day1.FindContact -->
    </test> <!-- Test -->
  </suite> <!-- Suite -->
</testng-results>
